2026-02-04 23:59:12,437 - INFO - 真实游戏模式：创建 ModProtocol（stdin/stdout），将发送 ready 握手...
2026-02-04 23:59:12,437 - INFO - 调试日志: /Volumes/T7/AI_THE_SPIRE/collect_data.log
2026-02-04 23:59:12,437 - INFO - 请确保：1) 游戏已启动 2) CommunicationMod 已配置为本脚本 3) 已开始新局
2026-02-04 23:59:12,437 - INFO - 创建环境...
2026-02-04 23:59:17,096 - INFO - 真实游戏模式：创建 ModProtocol（stdin/stdout），将发送 ready 握手...
2026-02-04 23:59:17,097 - INFO - 调试日志: /Volumes/T7/AI_THE_SPIRE/collect_data.log
2026-02-04 23:59:17,097 - INFO - 请确保：1) 游戏已启动 2) CommunicationMod 已配置为本脚本 3) 已开始新局
2026-02-04 23:59:17,097 - INFO - 创建环境...
2026-02-04 23:59:38,561 - INFO - 真实游戏模式：创建 ModProtocol（stdin/stdout），将发送 ready 握手...
2026-02-04 23:59:38,562 - INFO - 调试日志: /Volumes/T7/AI_THE_SPIRE/collect_data.log
2026-02-04 23:59:38,562 - INFO - 请确保：1) 游戏已启动 2) CommunicationMod 已配置为本脚本 3) 已开始新局
2026-02-04 23:59:38,562 - INFO - 创建环境...
2026-02-04 23:59:38,576 - INFO - 创建 rule Agent...
2026-02-04 23:59:38,580 - INFO - 会话: test_manual
2026-02-04 23:59:38,580 - INFO - 开始收集...

2026-02-04 23:59:38,580 - INFO - 游戏 1/1...
2026-02-04 23:59:38,580 - INFO - [Reader] Sent ready signal
2026-02-04 23:59:38,580 - ERROR -   错误: 环境未返回有效状态，请确保游戏已启动且 CommunicationMod 已连接
2026-02-04 23:59:38,581 - INFO - 
============================================================
2026-02-04 23:59:38,581 - INFO - 收集完成!
2026-02-04 23:59:38,581 - INFO - ============================================================
2026-02-04 23:59:38,581 - INFO - 收集对局: 0
2026-02-04 23:59:38,581 - INFO - 过滤对局: 0
2026-02-04 23:59:38,581 - INFO - 总步数: 0
2026-02-04 23:59:38,581 - INFO - 输出文件: combat_logs/sessions/test_manual/session.jsonl
2026-02-04 23:59:38,581 - INFO - ============================================================
2026-02-04 23:59:38,581 - INFO - [StsEnv] Environment closed. Total episodes: 0
2026-02-05 00:01:20,061 - INFO - 真实游戏模式：创建 ModProtocol（stdin/stdout），将发送 ready 握手...
2026-02-05 00:01:20,062 - INFO - 调试日志: /Volumes/T7/AI_THE_SPIRE/collect_data.log
2026-02-05 00:01:20,062 - INFO - 请确保：1) 游戏已启动 2) CommunicationMod 已配置为本脚本 3) 已开始新局
2026-02-05 00:01:20,062 - INFO - 创建环境...
2026-02-05 00:01:20,067 - INFO - 创建 rule Agent...
2026-02-05 00:01:20,067 - INFO - 会话: test_manual
2026-02-05 00:01:20,067 - INFO - 开始收集...

2026-02-05 00:01:20,067 - INFO - 游戏 1/1...
2026-02-05 00:01:20,067 - INFO - [Reader] Sent ready signal
2026-02-05 00:01:20,067 - ERROR -   错误: 环境未返回有效状态，请确保游戏已启动且 CommunicationMod 已连接
2026-02-05 00:01:20,067 - INFO - 
============================================================
2026-02-05 00:01:20,067 - INFO - 收集完成!
2026-02-05 00:01:20,067 - INFO - ============================================================
2026-02-05 00:01:20,067 - INFO - 收集对局: 0
2026-02-05 00:01:20,067 - INFO - 过滤对局: 0
2026-02-05 00:01:20,067 - INFO - 总步数: 0
2026-02-05 00:01:20,067 - INFO - 输出文件: combat_logs/sessions/test_manual/session.jsonl
2026-02-05 00:01:20,067 - INFO - ============================================================
2026-02-05 00:01:20,067 - INFO - [StsEnv] Environment closed. Total episodes: 0
2026-02-05 00:20:59,302 - INFO - 真实游戏模式：创建 ModProtocol，立即读首帧并响应...
2026-02-05 00:20:59,303 - INFO - 调试日志: /Volumes/T7/AI_THE_SPIRE/collect_data.log
2026-02-05 00:20:59,303 - INFO - [Reader] Sent ready signal
2026-02-05 00:21:03,840 - INFO - 等待 Mod 状态... 已重试 10 次
2026-02-05 00:21:08,889 - INFO - 等待 Mod 状态... 已重试 20 次
2026-02-05 00:21:13,932 - INFO - 等待 Mod 状态... 已重试 30 次
2026-02-05 00:21:17,476 - INFO - 真实游戏模式：创建 ModProtocol，立即读首帧并响应...
2026-02-05 00:21:17,476 - INFO - 调试日志: /Volumes/T7/AI_THE_SPIRE/collect_data.log
2026-02-05 00:21:17,476 - INFO - [Reader] Sent ready signal
2026-02-05 00:21:17,476 - INFO - 已读首帧并响应，继续创建环境...
2026-02-05 00:21:17,476 - INFO - 创建环境...
2026-02-05 00:21:17,491 - INFO - 会话: test_start
2026-02-05 00:21:17,491 - INFO - 开始收集...

2026-02-05 00:21:17,491 - INFO - 游戏 1/1...
2026-02-05 00:21:17,491 - ERROR -   错误: 环境未返回有效状态，请确保游戏已启动且 CommunicationMod 已连接
2026-02-05 00:21:17,491 - INFO - 
============================================================
2026-02-05 00:21:17,491 - INFO - 收集完成!
2026-02-05 00:21:17,491 - INFO - ============================================================
2026-02-05 00:21:17,491 - INFO - 收集对局: 0
2026-02-05 00:21:17,491 - INFO - 过滤对局: 0
2026-02-05 00:21:17,491 - INFO - 总步数: 0
2026-02-05 00:21:17,492 - INFO - 输出文件: combat_logs/sessions/test_start/session.jsonl
2026-02-05 00:21:17,492 - INFO - ============================================================
2026-02-05 00:21:17,492 - INFO - [StsEnv] Environment closed. Total episodes: 0
2026-02-05 00:30:22,311 - INFO - 真实游戏模式：使用 mod_diagnose 风格通信（stdin/stdout 直连）
2026-02-05 00:30:22,311 - INFO - 数据保存: combat_logs/sessions/20260205_003022/session.jsonl
2026-02-05 00:30:22,313 - INFO - stdin EOF，退出
2026-02-05 00:30:22,313 - INFO - 收集结束，共 1 步
